<?xml version="1.0" encoding="UTF-8"?>
<!-- Generated by org.testng.reporters.JUnitXMLReporter -->
<testsuite ignored="0" hostname="milind-Latitude-3420" failures="1" tests="2" name="Default test" time="36.276" errors="0" timestamp="2024-01-12T11:12:59 IST">
  <testcase classname="io.cucumber.testng.AbstractTestNGCucumberTests" name="runScenario" time="20.095">
    <failure type="java.lang.AssertionError" message="Failed to click on element [By.xpath: //a[contains(text(),&amp;apos;Cell phones &amp;amp; accessories&amp;apos;)]]">
      <![CDATA[java.lang.AssertionError: Failed to click on element [By.xpath: //a[contains(text(),'Cell phones & accessories')]]
at org.testng.Assert.fail(Assert.java:111)
at com.Cermati.commonFactory.CommonSelenium.click(CommonSelenium.java:203)
at com.Cermati.pageObjects.ProductSearchandAccessPage.selectingCellPhonesAccessories(ProductSearchandAccessPage.java:139)
at com.Cermati.stepDefinitions.ProductAccess_Steps.the_user_selects_from_the_available_options(ProductAccess_Steps.java:29)
at âœ½.the user selects "Cell phones & accessories" from the available options(file:///home/milind/Downloads/Cermati/src/test/java/com/Cermati/features/ProductAccess.feature:7)
]]>
    </failure>
  </testcase> <!-- runScenario -->
  <testcase classname="io.cucumber.testng.AbstractTestNGCucumberTests" name="runScenario" time="14.801"/>
</testsuite> <!-- Default test -->
